<?xml version="1.0" encoding="UTF-8"?>
<!-- Generated by org.testng.reporters.JUnitXMLReporter -->
<testsuite hostname="DESKTOP-LBAFN98" ignored="0" name="Command line test" tests="1" failures="0" timestamp="28 二月 2022 15:43:28 GMT" time="0.352" errors="0">
  <testcase name="@BeforeClass login" time="0.0" classname="AI.Test.ManagerTest.ManagerTest">
    <failure type="java.lang.NoClassDefFoundError" message="io/restassured/RestAssured">
      <![CDATA[java.lang.NoClassDefFoundError: io/restassured/RestAssured
	at AI.Test.ManagerTest.ManagerTest.login(ManagerTest.java:34)
Caused by: java.lang.ClassNotFoundException: io.restassured.RestAssured
	at java.net.URLClassLoader.findClass(URLClassLoader.java:381)
	at java.lang.ClassLoader.loadClass(ClassLoader.java:424)
	at sun.misc.Launcher$AppClassLoader.loadClass(Launcher.java:349)
	at java.lang.ClassLoader.loadClass(ClassLoader.java:357)
	... 36 more
... Removed 35 stack frames]]>
    </failure>
  </testcase> <!-- @BeforeClass login -->
  <testcase name="performanceTest" time="0.006" classname="AI.Test.ManagerTest.ManagerTest">
    <skipped/>
  </testcase> <!-- performanceTest -->
</testsuite> <!-- Command line test -->
