<?xml version="1.0" encoding="UTF-8"?>
<testsuite xmlns:xsi="http://www.w3.org/2001/XMLSchema-instance" xsi:noNamespaceSchemaLocation="https://maven.apache.org/surefire/maven-surefire-plugin/xsd/surefire-test-report.xsd" name="AI.Test.APPTest.SmsTest" time="7.886" tests="4" errors="0" skipped="1" failures="0">
  <properties>
[...]
</properties>
  <testcase name="swapCabine" classname="AI.Test.APPTest.UserDetailTest" time="0">
    <skipped message="void AI.Test.APPTest.UserDetailTest.swapCabine() is @Disabled"/>
  </testcase>
  <testcase name="uploadBasicInfo" classname="AI.Test.APPTest.UserDetailTest" time="7.081"/>
  <testcase name="checkSms" classname="AI.Test.APPTest.SmsTest" time="0.13"/>
  <testcase name="sendSms" classname="AI.Test.APPTest.SmsTest" time="0.184"/>
</testsuite>