<?xml version="1.0" encoding="UTF-8"?>
<testsuite xmlns:xsi="http://www.w3.org/2001/XMLSchema-instance" xsi:noNamespaceSchemaLocation="https://maven.apache.org/surefire/maven-surefire-plugin/xsd/surefire-test-report.xsd" name="AI.Test.UITest.ManagerUITest" time="20.915" tests="1" errors="1" skipped="0" failures="0">
  <properties>
[...]
</properties>
  <testcase name="searchUser" classname="AI.Test.UITest.ManagerUITest" time="3.883">
    <error message="session not created: This version of ChromeDriver only supports Chrome version 95&#10;Current browser version is 98.0.4758.102 with binary path C:\Program Files\Google\Chrome\Application\chrome.exe&#10;Build info: version: &apos;3.141.59&apos;, revision: &apos;e82be7d358&apos;, time: &apos;2018-11-14T08:17:03&apos;&#10;System info: host: &apos;DESKTOP-LBAFN98&apos;, ip: &apos;192.168.56.1&apos;, os.name: &apos;Windows 10&apos;, os.arch: &apos;amd64&apos;, os.version: &apos;10.0&apos;, java.version: &apos;1.8.0_171&apos;&#10;Driver info: driver.version: ChromeDriver&#10;remote stacktrace: Backtrace:&#10;	Ordinal0 [0x00A83AB3+2505395]&#10;	Ordinal0 [0x00A1AE41+2076225]&#10;	Ordinal0 [0x00922498+1057944]&#10;	Ordinal0 [0x00940841+1181761]&#10;	Ordinal0 [0x0093C64B+1164875]&#10;	Ordinal0 [0x00939EBF+1154751]&#10;	Ordinal0 [0x0096A02F+1351727]&#10;	Ordinal0 [0x00969C9A+1350810]&#10;	Ordinal0 [0x009658BB+1333435]&#10;	Ordinal0 [0x009423E4+1188836]&#10;	Ordinal0 [0x0094323F+1192511]&#10;	GetHandleVerifier [0x00C0CB36+1554566]&#10;	GetHandleVerifier [0x00CB4A0C+2242396]&#10;	GetHandleVerifier [0x00B10E0B+523099]&#10;	GetHandleVerifier [0x00B0FEB0+519168]&#10;	Ordinal0 [0x00A202FD+2097917]&#10;	Ordinal0 [0x00A24388+2114440]&#10;	Ordinal0 [0x00A244C2+2114754]&#10;	Ordinal0 [0x00A2E041+2154561]&#10;	BaseThreadInitThunk [0x7634FA29+25]&#10;	RtlGetAppContainerNamedObjectPath [0x77B07A9E+286]&#10;	RtlGetAppContainerNamedObjectPath [0x77B07A6E+238]&#10;" type="org.openqa.selenium.SessionNotCreatedException">org.openqa.selenium.SessionNotCreatedException: 
session not created: This version of ChromeDriver only supports Chrome version 95
Current browser version is 98.0.4758.102 with binary path C:\Program Files\Google\Chrome\Application\chrome.exe
Build info: version: '3.141.59', revision: 'e82be7d358', time: '2018-11-14T08:17:03'
System info: host: 'DESKTOP-LBAFN98', ip: '192.168.56.1', os.name: 'Windows 10', os.arch: 'amd64', os.version: '10.0', java.version: '1.8.0_171'
Driver info: driver.version: ChromeDriver
remote stacktrace: Backtrace:
	Ordinal0 [0x00A83AB3+2505395]
	Ordinal0 [0x00A1AE41+2076225]
	Ordinal0 [0x00922498+1057944]
	Ordinal0 [0x00940841+1181761]
	Ordinal0 [0x0093C64B+1164875]
	Ordinal0 [0x00939EBF+1154751]
	Ordinal0 [0x0096A02F+1351727]
	Ordinal0 [0x00969C9A+1350810]
	Ordinal0 [0x009658BB+1333435]
	Ordinal0 [0x009423E4+1188836]
	Ordinal0 [0x0094323F+1192511]
	GetHandleVerifier [0x00C0CB36+1554566]
	GetHandleVerifier [0x00CB4A0C+2242396]
	GetHandleVerifier [0x00B10E0B+523099]
	GetHandleVerifier [0x00B0FEB0+519168]
	Ordinal0 [0x00A202FD+2097917]
	Ordinal0 [0x00A24388+2114440]
	Ordinal0 [0x00A244C2+2114754]
	Ordinal0 [0x00A2E041+2154561]
	BaseThreadInitThunk [0x7634FA29+25]
	RtlGetAppContainerNamedObjectPath [0x77B07A9E+286]
	RtlGetAppContainerNamedObjectPath [0x77B07A6E+238]

	at AI.Test.UITest.ManagerUITest.searchUser(ManagerUITest.java:37)
</error>
  </testcase>
</testsuite>